<?xml version="1.0" encoding="UTF-8"?>
<testng-results skipped="0" failed="0" ignored="0" total="2" passed="2">
  <reporter-output>
  </reporter-output>
  <suite name="Suite" duration-ms="29971" started-at="2019-07-24T14:34:29Z" finished-at="2019-07-24T14:34:59Z">
    <groups>
    </groups>
    <test name="Test" duration-ms="29971" started-at="2019-07-24T14:34:29Z" finished-at="2019-07-24T14:34:59Z">
      <class name="MaveanGI.MavenAI.Login_TC2Test">
        <test-method status="PASS" signature="TC2()[pri:0, instance:MaveanGI.MavenAI.Login_TC2Test@d8355a8]" name="TC2" duration-ms="13964" started-at="2019-07-24T14:34:45Z" finished-at="2019-07-24T14:34:59Z">
          <reporter-output>
          </reporter-output>
        </test-method> <!-- TC2 -->
      </class> <!-- MaveanGI.MavenAI.Login_TC2Test -->
      <class name="MaveanGI.MavenAI.LoginTest">
        <test-method status="PASS" signature="TC21()[pri:0, instance:MaveanGI.MavenAI.LoginTest@224edc67]" name="TC21" duration-ms="15960" started-at="2019-07-24T14:34:29Z" finished-at="2019-07-24T14:34:45Z">
          <reporter-output>
          </reporter-output>
        </test-method> <!-- TC21 -->
      </class> <!-- MaveanGI.MavenAI.LoginTest -->
    </test> <!-- Test -->
  </suite> <!-- Suite -->
</testng-results>
